#
# There is insufficient memory for the Java Runtime Environment to continue.
# Native memory allocation (mmap) failed to map 65536 bytes. Error detail: Failed to commit metaspace.
# Possible reasons:
#   The system is out of physical RAM or swap space
#   This process is running with CompressedOops enabled, and the Java Heap may be blocking the growth of the native heap
# Possible solutions:
#   Reduce memory load on the system
#   Increase physical memory or swap space
#   Check if swap backing store is full
#   Decrease Java heap size (-Xmx/-Xms)
#   Decrease number of Java threads
#   Decrease Java thread stack sizes (-Xss)
#   Set larger code cache with -XX:ReservedCodeCacheSize=
#   JVM is running with Zero Based Compressed Oops mode in which the Java heap is
#     placed in the first 32GB address space. The Java Heap base address is the
#     maximum limit for the native heap growth. Please use -XX:HeapBaseMinAddress
#     to set the Java Heap base and to place the Java Heap above 32GB virtual address.
# This output file may be truncated or incomplete.
#
#  Out of Memory Error (virtualSpaceNode.cpp:112), pid=13640, tid=6260
#
# JRE version: Java(TM) SE Runtime Environment (22.0.1+8) (build 22.0.1+8-16)
# Java VM: Java HotSpot(TM) 64-Bit Server VM (22.0.1+8-16, mixed mode, emulated-client, sharing, tiered, compressed oops, compressed class ptrs, g1 gc, windows-amd64)
# No core dump will be written. Minidumps are not enabled by default on client versions of Windows
#

---------------  S U M M A R Y ------------

Command Line: -XX:TieredStopAtLevel=1 -Dspring.output.ansi.enabled=always -Dcom.sun.management.jmxremote -Dspring.jmx.enabled=true -Dspring.liveBeansView.mbeanDomain -Dspring.application.admin.enabled=true -Dmanagement.endpoints.jmx.exposure.include=* -javaagent:C:\Program Files\JetBrains\IntelliJ IDEA 2023.1.1\lib\idea_rt.jar=50723:C:\Program Files\JetBrains\IntelliJ IDEA 2023.1.1\bin -Dfile.encoding=UTF-8 -Dsun.stdout.encoding=UTF-8 -Dsun.stderr.encoding=UTF-8 com.spring.restaurant.RestaurantApplication

Host: Intel(R) Core(TM) i5-9400F CPU @ 2.90GHz, 6 cores, 15G,  Windows 10 , 64 bit Build 19041 (10.0.19041.5438)
Time: Fri Apr  4 22:31:25 2025 Egypt Standard Time elapsed time: 0.613868 seconds (0d 0h 0m 0s)

---------------  T H R E A D  ---------------

Current thread (0x000002b11cb3ca80):  JavaThread "main"             [_thread_in_vm, id=6260, stack(0x000000cb93700000,0x000000cb93800000) (1024K)]

Stack: [0x000000cb93700000,0x000000cb93800000]
Native frames: (J=compiled Java code, j=interpreted, Vv=VM code, C=native code)
V  [jvm.dll+0x6e2279]  (no source info available)
V  [jvm.dll+0x874e33]  (no source info available)
V  [jvm.dll+0x87725e]  (no source info available)
V  [jvm.dll+0x877933]  (no source info available)
V  [jvm.dll+0x27fd76]  (no source info available)
V  [jvm.dll+0x870a7e]  (no source info available)
V  [jvm.dll+0x6852e5]  (no source info available)
V  [jvm.dll+0x1e3eac]  (no source info available)
V  [jvm.dll+0x1e3c7e]  (no source info available)
V  [jvm.dll+0x687c38]  (no source info available)
V  [jvm.dll+0x2250ac]  (no source info available)
V  [jvm.dll+0x685cfe]  (no source info available)
V  [jvm.dll+0x27cf41]  (no source info available)
V  [jvm.dll+0x73aa4f]  (no source info available)
V  [jvm.dll+0x73b83f]  (no source info available)
V  [jvm.dll+0x3c8aff]  (no source info available)
V  [jvm.dll+0x3c78fc]  (no source info available)
V  [jvm.dll+0x3c7898]  (no source info available)
V  [jvm.dll+0x3d9b8a]  (no source info available)
C  0x000002b124e98eff  (no source info available)

The last pc belongs to new (printed below).
Java frames: (J=compiled Java code, j=interpreted, Vv=VM code)
j  org.springframework.boot.convert.ApplicationConversionService.addDelimitedStringConverters(Lorg/springframework/core/convert/converter/ConverterRegistry;)V+6
j  org.springframework.boot.convert.ApplicationConversionService.addApplicationConverters(Lorg/springframework/core/convert/converter/ConverterRegistry;)V+1
j  org.springframework.boot.convert.ApplicationConversionService.configure(Lorg/springframework/format/FormatterRegistry;)V+13
j  org.springframework.boot.convert.ApplicationConversionService.<init>(Lorg/springframework/util/StringValueResolver;Z)V+14
j  org.springframework.boot.convert.ApplicationConversionService.<init>(Lorg/springframework/util/StringValueResolver;)V+3
j  org.springframework.boot.convert.ApplicationConversionService.<init>()V+2
j  org.springframework.boot.SpringApplication.configureEnvironment(Lorg/springframework/core/env/ConfigurableEnvironment;[Ljava/lang/String;)V+12
j  org.springframework.boot.SpringApplication.prepareEnvironment(Lorg/springframework/boot/SpringApplicationRunListeners;Lorg/springframework/boot/DefaultBootstrapContext;Lorg/springframework/boot/ApplicationArguments;)Lorg/springframework/core/env/ConfigurableEnvironment;+15
j  org.springframework.boot.SpringApplication.run([Ljava/lang/String;)Lorg/springframework/context/ConfigurableApplicationContext;+65
j  org.springframework.boot.SpringApplication.run([Ljava/lang/Class;[Ljava/lang/String;)Lorg/springframework/context/ConfigurableApplicationContext;+9
j  org.springframework.boot.SpringApplication.run(Ljava/lang/Class;[Ljava/lang/String;)Lorg/springframework/context/ConfigurableApplicationContext;+9
j  com.spring.restaurant.RestaurantApplication.main([Ljava/lang/String;)V+3
v  ~StubRoutines::call_stub 0x000002b124e8100d
new  187 new  [0x000002b124e98d80, 0x000002b124e98f88]  520 bytes
[MachCode]
  0x000002b124e98d80: 4883 ec08 | c5fa 1104 | 24eb 1f48 | 83ec 10c5 | fb11 0424 | eb14 4883 | ec10 4889 | 0424 48c7 
  0x000002b124e98da0: 4424 0800 | 0000 00eb | 0150 410f | b755 010f | cac1 ea10 | 488b 4de8 | 488b 4908 | 488b 4908 
  0x000002b124e98dc0: 488b 4108 | 807c 1004 | 070f 85d3 | 0000 0066 | 8b54 d148 | 488b 4928 | 488b 4cd1 | 0851 80b9 
  0x000002b124e98de0: 2001 0000 | 050f 85b6 | 0000 008b | 5108 f6c2 | 010f 85aa | 0000 0049 | 8b87 b801 | 0000 488d 
  0x000002b124e98e00: 1c10 493b | 9fc8 0100 | 000f 8792 | 0000 0049 | 899f b801 | 0000 4883 | ea10 0f84 | 0f00 0000 
  0x000002b124e98e20: 33c9 c1ea | 0348 894c | d008 48ff | ca75 f648 | c700 0100 | 0000 5933 | f689 700c | 49ba 0000 
  0x000002b124e98e40: 0030 b102 | 0000 492b | ca89 4808 | 49ba 9d30 | d181 ff7f | 0000 4180 | 3a00 0f84 | 3c00 0000 
  0x000002b124e98e60: 5048 8bc8 | 4883 ec20 | 40f6 c40f | 0f84 1900 | 0000 4883 | ec08 48b8 | 80b5 8181 | ff7f 0000 
  0x000002b124e98e80: ffd0 4883 | c408 e90c | 0000 0048 | b880 b581 | 81ff 7f00 | 00ff d048 | 83c4 2058 | e9cb 0000 
  0x000002b124e98ea0: 0059 488b | 55e8 488b | 5208 488b | 5208 450f | b745 0141 | 0fc8 41c1 | e810 e805 | 0000 00e9 
  0x000002b124e98ec0: a800 0000 | 488d 4424 | 084c 896d | c049 8bcf | c5f8 7749 | 89af b003 | 0000 4989 | 87a0 0300 
  0x000002b124e98ee0: 0048 83ec | 2040 f6c4 | 0f0f 8419 | 0000 0048 | 83ec 0848 | b800 9b4a | 81ff 7f00 | 00ff d048 
  0x000002b124e98f00: 83c4 08e9 | 0c00 0000 | 48b8 009b | 4a81 ff7f | 0000 ffd0 | 4883 c420 | 49c7 87a0 | 0300 0000 
  0x000002b124e98f20: 0000 0049 | c787 b003 | 0000 0000 | 0000 49c7 | 87a8 0300 | 0000 0000 | 00c5 f877 | 4983 7f08 
  0x000002b124e98f40: 000f 8405 | 0000 00e9 | b47f feff | 498b 87f8 | 0300 0049 | c787 f803 | 0000 0000 | 0000 4c8b 
  0x000002b124e98f60: 6dc0 4c8b | 75c8 4e8d | 74f5 00c3 | 410f b65d | 0349 83c5 | 0349 baf0 | f9d4 81ff | 7f00 0041 
  0x000002b124e98f80: ff24 da0f | 1f44 0000 
[/MachCode]

---------------  P R O C E S S  ---------------

Threads class SMR info:
_java_thread_list=0x000002b175231880, length=14, elements={
0x000002b11cb3ca80, 0x000002b12f66bdb0, 0x000002b12f672ef0, 0x000002b12f673c10,
0x000002b12f675c00, 0x000002b12f696670, 0x000002b12f6970d0, 0x000002b12f697b30,
0x000002b12f63c980, 0x000002b12f830b90, 0x000002b12fba7300, 0x000002b12fbae060,
0x000002b17520dd10, 0x000002b1753ad4f0
}

Java Threads: ( => current thread )
=>0x000002b11cb3ca80 JavaThread "main"                              [_thread_in_vm, id=6260, stack(0x000000cb93700000,0x000000cb93800000) (1024K)]
  0x000002b12f66bdb0 JavaThread "Reference Handler"          daemon [_thread_blocked, id=12960, stack(0x000000cb93f00000,0x000000cb94000000) (1024K)]
  0x000002b12f672ef0 JavaThread "Finalizer"                  daemon [_thread_blocked, id=9876, stack(0x000000cb94000000,0x000000cb94100000) (1024K)]
  0x000002b12f673c10 JavaThread "Signal Dispatcher"          daemon [_thread_blocked, id=16528, stack(0x000000cb94100000,0x000000cb94200000) (1024K)]
  0x000002b12f675c00 JavaThread "Attach Listener"            daemon [_thread_blocked, id=14276, stack(0x000000cb94200000,0x000000cb94300000) (1024K)]
  0x000002b12f696670 JavaThread "Service Thread"             daemon [_thread_blocked, id=11984, stack(0x000000cb94300000,0x000000cb94400000) (1024K)]
  0x000002b12f6970d0 JavaThread "Monitor Deflation Thread"   daemon [_thread_blocked, id=14620, stack(0x000000cb94400000,0x000000cb94500000) (1024K)]
  0x000002b12f697b30 JavaThread "C1 CompilerThread0"         daemon [_thread_blocked, id=15504, stack(0x000000cb94500000,0x000000cb94600000) (1024K)]
  0x000002b12f63c980 JavaThread "Common-Cleaner"             daemon [_thread_blocked, id=12036, stack(0x000000cb94600000,0x000000cb94700000) (1024K)]
  0x000002b12f830b90 JavaThread "C1 CompilerThread1"         daemon [_thread_blocked, id=9276, stack(0x000000cb94700000,0x000000cb94800000) (1024K)]
  0x000002b12fba7300 JavaThread "Monitor Ctrl-Break"         daemon [_thread_in_native, id=15012, stack(0x000000cb94800000,0x000000cb94900000) (1024K)]
  0x000002b12fbae060 JavaThread "Notification Thread"        daemon [_thread_blocked, id=13572, stack(0x000000cb94900000,0x000000cb94a00000) (1024K)]
  0x000002b17520dd10 JavaThread "C1 CompilerThread2"         daemon [_thread_blocked, id=19080, stack(0x000000cb94a00000,0x000000cb94b00000) (1024K)]
  0x000002b1753ad4f0 JavaThread "RMI TCP Accept-0"           daemon [_thread_in_native, id=9956, stack(0x000000cb94b00000,0x000000cb94c00000) (1024K)]
Total: 14

Other Threads:
  0x000002b12f6519c0 VMThread "VM Thread"                           [id=8472, stack(0x000000cb93e00000,0x000000cb93f00000) (1024K)]
  0x000002b12f63b910 WatcherThread "VM Periodic Task Thread"        [id=8008, stack(0x000000cb93d00000,0x000000cb93e00000) (1024K)]
  0x000002b11cba47e0 WorkerThread "GC Thread#0"                     [id=8796, stack(0x000000cb93800000,0x000000cb93900000) (1024K)]
  0x000002b175484770 WorkerThread "GC Thread#1"                     [id=14712, stack(0x000000cb94c00000,0x000000cb94d00000) (1024K)]
  0x000002b1754adf70 WorkerThread "GC Thread#2"                     [id=16576, stack(0x000000cb94d00000,0x000000cb94e00000) (1024K)]
  0x000002b1754ae320 WorkerThread "GC Thread#3"                     [id=9712, stack(0x000000cb94e00000,0x000000cb94f00000) (1024K)]
  0x000002b1754ae6d0 WorkerThread "GC Thread#4"                     [id=8944, stack(0x000000cb94f00000,0x000000cb95000000) (1024K)]
  0x000002b1754aee90 WorkerThread "GC Thread#5"                     [id=17116, stack(0x000000cb95000000,0x000000cb95100000) (1024K)]
  0x000002b11cbb6600 ConcurrentGCThread "G1 Main Marker"            [id=17076, stack(0x000000cb93900000,0x000000cb93a00000) (1024K)]
  0x000002b11cbb7020 WorkerThread "G1 Conc#0"                       [id=4532, stack(0x000000cb93a00000,0x000000cb93b00000) (1024K)]
  0x000002b11cbfe550 ConcurrentGCThread "G1 Refine#0"               [id=6168, stack(0x000000cb93b00000,0x000000cb93c00000) (1024K)]
  0x000002b12f4fd2b0 ConcurrentGCThread "G1 Service"                [id=1904, stack(0x000000cb93c00000,0x000000cb93d00000) (1024K)]
Total: 12

Threads with active compile tasks:
Total: 0

VM state: not at safepoint (normal execution)

VM Mutex/Monitor currently owned by a thread:  ([mutex/lock_event])
[0x00007fff81d39b38] Metaspace_lock - owner thread: 0x000002b11cb3ca80

Heap address: 0x0000000700e00000, size: 4082 MB, Compressed Oops mode: Zero based, Oop shift amount: 3

CDS archive(s) mapped at: [0x000002b130000000-0x000002b130c60000-0x000002b130c60000), size 12976128, SharedBaseAddress: 0x000002b130000000, ArchiveRelocationMode: 1.
Compressed class space mapped at: 0x000002b131000000-0x000002b171000000, reserved size: 1073741824
Narrow klass base: 0x000002b130000000, Narrow klass shift: 0, Narrow klass range: 0x41000000

GC Precious Log:
 CardTable entry size: 512
 Card Set container configuration: InlinePtr #cards 4 size 8 Array Of Cards #cards 16 size 48 Howl #buckets 8 coarsen threshold 3686 Howl Bitmap #cards 512 size 80 coarsen threshold 460 Card regions per heap region 1 cards per card region 4096
 CPUs: 6 total, 6 available
 Memory: 16326M
 Large Page Support: Disabled
 NUMA Support: Disabled
 Compressed Oops: Enabled (Zero based)
 Heap Region Size: 2M
 Heap Min Capacity: 8M
 Heap Initial Capacity: 256M
 Heap Max Capacity: 4082M
 Pre-touch: Disabled
 Parallel Workers: 6
 Concurrent Workers: 2
 Concurrent Refinement Workers: 6
 Periodic GC: Disabled

Heap:
 garbage-first heap   total reserved 4179968K, committed 262144K, used 17440K [0x0000000700e00000, 0x0000000800000000)
  region size 2048K, 7 young (14336K), 2 survivors (4096K)
 Metaspace       used 8444K, committed 8704K, reserved 1114112K
  class space    used 1079K, committed 1216K, reserved 1048576K

Heap Regions: E=young(eden), S=young(survivor), O=old, HS=humongous(starts), HC=humongous(continues), CS=collection set, F=free, TAMS=top-at-mark-start, PB=parsable bottom
|   0|0x0000000700e00000, 0x0000000701000000, 0x0000000701000000|100%| O|  |TAMS 0x0000000700e00000| PB 0x0000000700e00000| Untracked |  0
|   1|0x0000000701000000, 0x0000000701200000, 0x0000000701200000|100%| O|  |TAMS 0x0000000701000000| PB 0x0000000701000000| Untracked |  0
|   2|0x0000000701200000, 0x00000007013083b8, 0x0000000701400000| 51%| O|  |TAMS 0x0000000701200000| PB 0x0000000701200000| Untracked |  0
|   3|0x0000000701400000, 0x0000000701400000, 0x0000000701600000|  0%| F|  |TAMS 0x0000000701400000| PB 0x0000000701400000| Untracked |  0
|   4|0x0000000701600000, 0x0000000701600000, 0x0000000701800000|  0%| F|  |TAMS 0x0000000701600000| PB 0x0000000701600000| Untracked |  0
|   5|0x0000000701800000, 0x0000000701800000, 0x0000000701a00000|  0%| F|  |TAMS 0x0000000701800000| PB 0x0000000701800000| Untracked |  0
|   6|0x0000000701a00000, 0x0000000701a00000, 0x0000000701c00000|  0%| F|  |TAMS 0x0000000701a00000| PB 0x0000000701a00000| Untracked |  0
|   7|0x0000000701c00000, 0x0000000701c00000, 0x0000000701e00000|  0%| F|  |TAMS 0x0000000701c00000| PB 0x0000000701c00000| Untracked |  0
|   8|0x0000000701e00000, 0x0000000701e00000, 0x0000000702000000|  0%| F|  |TAMS 0x0000000701e00000| PB 0x0000000701e00000| Untracked |  0
|   9|0x0000000702000000, 0x0000000702000000, 0x0000000702200000|  0%| F|  |TAMS 0x0000000702000000| PB 0x0000000702000000| Untracked |  0
|  10|0x0000000702200000, 0x0000000702200000, 0x0000000702400000|  0%| F|  |TAMS 0x0000000702200000| PB 0x0000000702200000| Untracked |  0
|  11|0x0000000702400000, 0x0000000702400000, 0x0000000702600000|  0%| F|  |TAMS 0x0000000702400000| PB 0x0000000702400000| Untracked |  0
|  12|0x0000000702600000, 0x0000000702600000, 0x0000000702800000|  0%| F|  |TAMS 0x0000000702600000| PB 0x0000000702600000| Untracked |  0
|  13|0x0000000702800000, 0x0000000702800000, 0x0000000702a00000|  0%| F|  |TAMS 0x0000000702800000| PB 0x0000000702800000| Untracked |  0
|  14|0x0000000702a00000, 0x0000000702a00000, 0x0000000702c00000|  0%| F|  |TAMS 0x0000000702a00000| PB 0x0000000702a00000| Untracked |  0
|  15|0x0000000702c00000, 0x0000000702c00000, 0x0000000702e00000|  0%| F|  |TAMS 0x0000000702c00000| PB 0x0000000702c00000| Untracked |  0
|  16|0x0000000702e00000, 0x0000000702e00000, 0x0000000703000000|  0%| F|  |TAMS 0x0000000702e00000| PB 0x0000000702e00000| Untracked |  0
|  17|0x0000000703000000, 0x0000000703000000, 0x0000000703200000|  0%| F|  |TAMS 0x0000000703000000| PB 0x0000000703000000| Untracked |  0
|  18|0x0000000703200000, 0x0000000703200000, 0x0000000703400000|  0%| F|  |TAMS 0x0000000703200000| PB 0x0000000703200000| Untracked |  0
|  19|0x0000000703400000, 0x0000000703400000, 0x0000000703600000|  0%| F|  |TAMS 0x0000000703400000| PB 0x0000000703400000| Untracked |  0
|  20|0x0000000703600000, 0x0000000703600000, 0x0000000703800000|  0%| F|  |TAMS 0x0000000703600000| PB 0x0000000703600000| Untracked |  0
|  21|0x0000000703800000, 0x0000000703800000, 0x0000000703a00000|  0%| F|  |TAMS 0x0000000703800000| PB 0x0000000703800000| Untracked |  0
|  22|0x0000000703a00000, 0x0000000703a00000, 0x0000000703c00000|  0%| F|  |TAMS 0x0000000703a00000| PB 0x0000000703a00000| Untracked |  0
|  23|0x0000000703c00000, 0x0000000703c00000, 0x0000000703e00000|  0%| F|  |TAMS 0x0000000703c00000| PB 0x0000000703c00000| Untracked |  0
|  24|0x0000000703e00000, 0x0000000703e00000, 0x0000000704000000|  0%| F|  |TAMS 0x0000000703e00000| PB 0x0000000703e00000| Untracked |  0
|  25|0x0000000704000000, 0x0000000704000000, 0x0000000704200000|  0%| F|  |TAMS 0x0000000704000000| PB 0x0000000704000000| Untracked |  0
|  26|0x0000000704200000, 0x0000000704200000, 0x0000000704400000|  0%| F|  |TAMS 0x0000000704200000| PB 0x0000000704200000| Untracked |  0
|  27|0x0000000704400000, 0x0000000704400000, 0x0000000704600000|  0%| F|  |TAMS 0x0000000704400000| PB 0x0000000704400000| Untracked |  0
|  28|0x0000000704600000, 0x0000000704600000, 0x0000000704800000|  0%| F|  |TAMS 0x0000000704600000| PB 0x0000000704600000| Untracked |  0
|  29|0x0000000704800000, 0x0000000704800000, 0x0000000704a00000|  0%| F|  |TAMS 0x0000000704800000| PB 0x0000000704800000| Untracked |  0
|  30|0x0000000704a00000, 0x0000000704a00000, 0x0000000704c00000|  0%| F|  |TAMS 0x0000000704a00000| PB 0x0000000704a00000| Untracked |  0
|  31|0x0000000704c00000, 0x0000000704c00000, 0x0000000704e00000|  0%| F|  |TAMS 0x0000000704c00000| PB 0x0000000704c00000| Untracked |  0
|  32|0x0000000704e00000, 0x0000000704e00000, 0x0000000705000000|  0%| F|  |TAMS 0x0000000704e00000| PB 0x0000000704e00000| Untracked |  0
|  33|0x0000000705000000, 0x0000000705000000, 0x0000000705200000|  0%| F|  |TAMS 0x0000000705000000| PB 0x0000000705000000| Untracked |  0
|  34|0x0000000705200000, 0x0000000705200000, 0x0000000705400000|  0%| F|  |TAMS 0x0000000705200000| PB 0x0000000705200000| Untracked |  0
|  35|0x0000000705400000, 0x0000000705400000, 0x0000000705600000|  0%| F|  |TAMS 0x0000000705400000| PB 0x0000000705400000| Untracked |  0
|  36|0x0000000705600000, 0x0000000705600000, 0x0000000705800000|  0%| F|  |TAMS 0x0000000705600000| PB 0x0000000705600000| Untracked |  0
|  37|0x0000000705800000, 0x0000000705800000, 0x0000000705a00000|  0%| F|  |TAMS 0x0000000705800000| PB 0x0000000705800000| Untracked |  0
|  38|0x0000000705a00000, 0x0000000705a00000, 0x0000000705c00000|  0%| F|  |TAMS 0x0000000705a00000| PB 0x0000000705a00000| Untracked |  0
|  39|0x0000000705c00000, 0x0000000705c00000, 0x0000000705e00000|  0%| F|  |TAMS 0x0000000705c00000| PB 0x0000000705c00000| Untracked |  0
|  40|0x0000000705e00000, 0x0000000705e00000, 0x0000000706000000|  0%| F|  |TAMS 0x0000000705e00000| PB 0x0000000705e00000| Untracked |  0
|  41|0x0000000706000000, 0x0000000706000000, 0x0000000706200000|  0%| F|  |TAMS 0x0000000706000000| PB 0x0000000706000000| Untracked |  0
|  42|0x0000000706200000, 0x0000000706200000, 0x0000000706400000|  0%| F|  |TAMS 0x0000000706200000| PB 0x0000000706200000| Untracked |  0
|  43|0x0000000706400000, 0x0000000706400000, 0x0000000706600000|  0%| F|  |TAMS 0x0000000706400000| PB 0x0000000706400000| Untracked |  0
|  44|0x0000000706600000, 0x0000000706600000, 0x0000000706800000|  0%| F|  |TAMS 0x0000000706600000| PB 0x0000000706600000| Untracked |  0
|  45|0x0000000706800000, 0x0000000706800000, 0x0000000706a00000|  0%| F|  |TAMS 0x0000000706800000| PB 0x0000000706800000| Untracked |  0
|  46|0x0000000706a00000, 0x0000000706a00000, 0x0000000706c00000|  0%| F|  |TAMS 0x0000000706a00000| PB 0x0000000706a00000| Untracked |  0
|  47|0x0000000706c00000, 0x0000000706c00000, 0x0000000706e00000|  0%| F|  |TAMS 0x0000000706c00000| PB 0x0000000706c00000| Untracked |  0
|  48|0x0000000706e00000, 0x0000000706e00000, 0x0000000707000000|  0%| F|  |TAMS 0x0000000706e00000| PB 0x0000000706e00000| Untracked |  0
|  49|0x0000000707000000, 0x0000000707000000, 0x0000000707200000|  0%| F|  |TAMS 0x0000000707000000| PB 0x0000000707000000| Untracked |  0
|  50|0x0000000707200000, 0x0000000707200000, 0x0000000707400000|  0%| F|  |TAMS 0x0000000707200000| PB 0x0000000707200000| Untracked |  0
|  51|0x0000000707400000, 0x0000000707400000, 0x0000000707600000|  0%| F|  |TAMS 0x0000000707400000| PB 0x0000000707400000| Untracked |  0
|  52|0x0000000707600000, 0x0000000707600000, 0x0000000707800000|  0%| F|  |TAMS 0x0000000707600000| PB 0x0000000707600000| Untracked |  0
|  53|0x0000000707800000, 0x0000000707800000, 0x0000000707a00000|  0%| F|  |TAMS 0x0000000707800000| PB 0x0000000707800000| Untracked |  0
|  54|0x0000000707a00000, 0x0000000707a00000, 0x0000000707c00000|  0%| F|  |TAMS 0x0000000707a00000| PB 0x0000000707a00000| Untracked |  0
|  55|0x0000000707c00000, 0x0000000707c00000, 0x0000000707e00000|  0%| F|  |TAMS 0x0000000707c00000| PB 0x0000000707c00000| Untracked |  0
|  56|0x0000000707e00000, 0x0000000707e00000, 0x0000000708000000|  0%| F|  |TAMS 0x0000000707e00000| PB 0x0000000707e00000| Untracked |  0
|  57|0x0000000708000000, 0x0000000708000000, 0x0000000708200000|  0%| F|  |TAMS 0x0000000708000000| PB 0x0000000708000000| Untracked |  0
|  58|0x0000000708200000, 0x0000000708200000, 0x0000000708400000|  0%| F|  |TAMS 0x0000000708200000| PB 0x0000000708200000| Untracked |  0
|  59|0x0000000708400000, 0x0000000708400000, 0x0000000708600000|  0%| F|  |TAMS 0x0000000708400000| PB 0x0000000708400000| Untracked |  0
|  60|0x0000000708600000, 0x0000000708600000, 0x0000000708800000|  0%| F|  |TAMS 0x0000000708600000| PB 0x0000000708600000| Untracked |  0
|  61|0x0000000708800000, 0x0000000708800000, 0x0000000708a00000|  0%| F|  |TAMS 0x0000000708800000| PB 0x0000000708800000| Untracked |  0
|  62|0x0000000708a00000, 0x0000000708a00000, 0x0000000708c00000|  0%| F|  |TAMS 0x0000000708a00000| PB 0x0000000708a00000| Untracked |  0
|  63|0x0000000708c00000, 0x0000000708c00000, 0x0000000708e00000|  0%| F|  |TAMS 0x0000000708c00000| PB 0x0000000708c00000| Untracked |  0
|  64|0x0000000708e00000, 0x0000000708e00000, 0x0000000709000000|  0%| F|  |TAMS 0x0000000708e00000| PB 0x0000000708e00000| Untracked |  0
|  65|0x0000000709000000, 0x0000000709000000, 0x0000000709200000|  0%| F|  |TAMS 0x0000000709000000| PB 0x0000000709000000| Untracked |  0
|  66|0x0000000709200000, 0x0000000709200000, 0x0000000709400000|  0%| F|  |TAMS 0x0000000709200000| PB 0x0000000709200000| Untracked |  0
|  67|0x0000000709400000, 0x0000000709400000, 0x0000000709600000|  0%| F|  |TAMS 0x0000000709400000| PB 0x0000000709400000| Untracked |  0
|  68|0x0000000709600000, 0x0000000709600000, 0x0000000709800000|  0%| F|  |TAMS 0x0000000709600000| PB 0x0000000709600000| Untracked |  0
|  69|0x0000000709800000, 0x0000000709800000, 0x0000000709a00000|  0%| F|  |TAMS 0x0000000709800000| PB 0x0000000709800000| Untracked |  0
|  70|0x0000000709a00000, 0x0000000709a00000, 0x0000000709c00000|  0%| F|  |TAMS 0x0000000709a00000| PB 0x0000000709a00000| Untracked |  0
|  71|0x0000000709c00000, 0x0000000709c00000, 0x0000000709e00000|  0%| F|  |TAMS 0x0000000709c00000| PB 0x0000000709c00000| Untracked |  0
|  72|0x0000000709e00000, 0x0000000709e00000, 0x000000070a000000|  0%| F|  |TAMS 0x0000000709e00000| PB 0x0000000709e00000| Untracked |  0
|  73|0x000000070a000000, 0x000000070a000000, 0x000000070a200000|  0%| F|  |TAMS 0x000000070a000000| PB 0x000000070a000000| Untracked |  0
|  74|0x000000070a200000, 0x000000070a200000, 0x000000070a400000|  0%| F|  |TAMS 0x000000070a200000| PB 0x000000070a200000| Untracked |  0
|  75|0x000000070a400000, 0x000000070a400000, 0x000000070a600000|  0%| F|  |TAMS 0x000000070a400000| PB 0x000000070a400000| Untracked |  0
|  76|0x000000070a600000, 0x000000070a600000, 0x000000070a800000|  0%| F|  |TAMS 0x000000070a600000| PB 0x000000070a600000| Untracked |  0
|  77|0x000000070a800000, 0x000000070a800000, 0x000000070aa00000|  0%| F|  |TAMS 0x000000070a800000| PB 0x000000070a800000| Untracked |  0
|  78|0x000000070aa00000, 0x000000070aa00000, 0x000000070ac00000|  0%| F|  |TAMS 0x000000070aa00000| PB 0x000000070aa00000| Untracked |  0
|  79|0x000000070ac00000, 0x000000070ac00000, 0x000000070ae00000|  0%| F|  |TAMS 0x000000070ac00000| PB 0x000000070ac00000| Untracked |  0
|  80|0x000000070ae00000, 0x000000070ae00000, 0x000000070b000000|  0%| F|  |TAMS 0x000000070ae00000| PB 0x000000070ae00000| Untracked |  0
|  81|0x000000070b000000, 0x000000070b000000, 0x000000070b200000|  0%| F|  |TAMS 0x000000070b000000| PB 0x000000070b000000| Untracked |  0
|  82|0x000000070b200000, 0x000000070b200000, 0x000000070b400000|  0%| F|  |TAMS 0x000000070b200000| PB 0x000000070b200000| Untracked |  0
|  83|0x000000070b400000, 0x000000070b400000, 0x000000070b600000|  0%| F|  |TAMS 0x000000070b400000| PB 0x000000070b400000| Untracked |  0
|  84|0x000000070b600000, 0x000000070b600000, 0x000000070b800000|  0%| F|  |TAMS 0x000000070b600000| PB 0x000000070b600000| Untracked |  0
|  85|0x000000070b800000, 0x000000070b800000, 0x000000070ba00000|  0%| F|  |TAMS 0x000000070b800000| PB 0x000000070b800000| Untracked |  0
|  86|0x000000070ba00000, 0x000000070ba00000, 0x000000070bc00000|  0%| F|  |TAMS 0x000000070ba00000| PB 0x000000070ba00000| Untracked |  0
|  87|0x000000070bc00000, 0x000000070bc00000, 0x000000070be00000|  0%| F|  |TAMS 0x000000070bc00000| PB 0x000000070bc00000| Untracked |  0
|  88|0x000000070be00000, 0x000000070be00000, 0x000000070c000000|  0%| F|  |TAMS 0x000000070be00000| PB 0x000000070be00000| Untracked |  0
|  89|0x000000070c000000, 0x000000070c000000, 0x000000070c200000|  0%| F|  |TAMS 0x000000070c000000| PB 0x000000070c000000| Untracked |  0
|  90|0x000000070c200000, 0x000000070c200000, 0x000000070c400000|  0%| F|  |TAMS 0x000000070c200000| PB 0x000000070c200000| Untracked |  0
|  91|0x000000070c400000, 0x000000070c400000, 0x000000070c600000|  0%| F|  |TAMS 0x000000070c400000| PB 0x000000070c400000| Untracked |  0
|  92|0x000000070c600000, 0x000000070c600000, 0x000000070c800000|  0%| F|  |TAMS 0x000000070c600000| PB 0x000000070c600000| Untracked |  0
|  93|0x000000070c800000, 0x000000070c800000, 0x000000070ca00000|  0%| F|  |TAMS 0x000000070c800000| PB 0x000000070c800000| Untracked |  0
|  94|0x000000070ca00000, 0x000000070ca00000, 0x000000070cc00000|  0%| F|  |TAMS 0x000000070ca00000| PB 0x000000070ca00000| Untracked |  0
|  95|0x000000070cc00000, 0x000000070cc00000, 0x000000070ce00000|  0%| F|  |TAMS 0x000000070cc00000| PB 0x000000070cc00000| Untracked |  0
|  96|0x000000070ce00000, 0x000000070ce00000, 0x000000070d000000|  0%| F|  |TAMS 0x000000070ce00000| PB 0x000000070ce00000| Untracked |  0
|  97|0x000000070d000000, 0x000000070d000000, 0x000000070d200000|  0%| F|  |TAMS 0x000000070d000000| PB 0x000000070d000000| Untracked |  0
|  98|0x000000070d200000, 0x000000070d200000, 0x000000070d400000|  0%| F|  |TAMS 0x000000070d200000| PB 0x000000070d200000| Untracked |  0
|  99|0x000000070d400000, 0x000000070d400000, 0x000000070d600000|  0%| F|  |TAMS 0x000000070d400000| PB 0x000000070d400000| Untracked |  0
| 100|0x000000070d600000, 0x000000070d600000, 0x000000070d800000|  0%| F|  |TAMS 0x000000070d600000| PB 0x000000070d600000| Untracked |  0
| 101|0x000000070d800000, 0x000000070d800000, 0x000000070da00000|  0%| F|  |TAMS 0x000000070d800000| PB 0x000000070d800000| Untracked |  0
| 102|0x000000070da00000, 0x000000070da00000, 0x000000070dc00000|  0%| F|  |TAMS 0x000000070da00000| PB 0x000000070da00000| Untracked |  0
| 103|0x000000070dc00000, 0x000000070dc00000, 0x000000070de00000|  0%| F|  |TAMS 0x000000070dc00000| PB 0x000000070dc00000| Untracked |  0
| 104|0x000000070de00000, 0x000000070de00000, 0x000000070e000000|  0%| F|  |TAMS 0x000000070de00000| PB 0x000000070de00000| Untracked |  0
| 105|0x000000070e000000, 0x000000070e000000, 0x000000070e200000|  0%| F|  |TAMS 0x000000070e000000| PB 0x000000070e000000| Untracked |  0
| 106|0x000000070e200000, 0x000000070e200000, 0x000000070e400000|  0%| F|  |TAMS 0x000000070e200000| PB 0x000000070e200000| Untracked |  0
| 107|0x000000070e400000, 0x000000070e400000, 0x000000070e600000|  0%| F|  |TAMS 0x000000070e400000| PB 0x000000070e400000| Untracked |  0
| 108|0x000000070e600000, 0x000000070e600000, 0x000000070e800000|  0%| F|  |TAMS 0x000000070e600000| PB 0x000000070e600000| Untracked |  0
| 109|0x000000070e800000, 0x000000070e800000, 0x000000070ea00000|  0%| F|  |TAMS 0x000000070e800000| PB 0x000000070e800000| Untracked |  0
| 110|0x000000070ea00000, 0x000000070ea00000, 0x000000070ec00000|  0%| F|  |TAMS 0x000000070ea00000| PB 0x000000070ea00000| Untracked |  0
| 111|0x000000070ec00000, 0x000000070ec00000, 0x000000070ee00000|  0%| F|  |TAMS 0x000000070ec00000| PB 0x000000070ec00000| Untracked |  0
| 112|0x000000070ee00000, 0x000000070ee00000, 0x000000070f000000|  0%| F|  |TAMS 0x000000070ee00000| PB 0x000000070ee00000| Untracked |  0
| 113|0x000000070f000000, 0x000000070f000000, 0x000000070f200000|  0%| F|  |TAMS 0x000000070f000000| PB 0x000000070f000000| Untracked |  0
| 114|0x000000070f200000, 0x000000070f200000, 0x000000070f400000|  0%| F|  |TAMS 0x000000070f200000| PB 0x000000070f200000| Untracked |  0
| 115|0x000000070f400000, 0x000000070f600000, 0x000000070f600000|100%| S|CS|TAMS 0x000000070f400000| PB 0x000000070f400000| Complete |  0
| 116|0x000000070f600000, 0x000000070f800000, 0x000000070f800000|100%| S|CS|TAMS 0x000000070f600000| PB 0x000000070f600000| Complete |  0
| 117|0x000000070f800000, 0x000000070f800000, 0x000000070fa00000|  0%| F|  |TAMS 0x000000070f800000| PB 0x000000070f800000| Untracked |  0
| 118|0x000000070fa00000, 0x000000070fa00000, 0x000000070fc00000|  0%| F|  |TAMS 0x000000070fa00000| PB 0x000000070fa00000| Untracked |  0
| 119|0x000000070fc00000, 0x000000070fc00000, 0x000000070fe00000|  0%| F|  |TAMS 0x000000070fc00000| PB 0x000000070fc00000| Untracked |  0
| 120|0x000000070fe00000, 0x000000070fe00000, 0x0000000710000000|  0%| F|  |TAMS 0x000000070fe00000| PB 0x000000070fe00000| Untracked |  0
| 121|0x0000000710000000, 0x0000000710000000, 0x0000000710200000|  0%| F|  |TAMS 0x0000000710000000| PB 0x0000000710000000| Untracked |  0
| 122|0x0000000710200000, 0x0000000710200000, 0x0000000710400000|  0%| F|  |TAMS 0x0000000710200000| PB 0x0000000710200000| Untracked |  0
| 123|0x0000000710400000, 0x00000007104aa530, 0x0000000710600000| 33%| E|  |TAMS 0x0000000710400000| PB 0x0000000710400000| Complete |  0
| 124|0x0000000710600000, 0x0000000710800000, 0x0000000710800000|100%| E|CS|TAMS 0x0000000710600000| PB 0x0000000710600000| Complete |  0
| 125|0x0000000710800000, 0x0000000710a00000, 0x0000000710a00000|100%| E|CS|TAMS 0x0000000710800000| PB 0x0000000710800000| Complete |  0
| 126|0x0000000710a00000, 0x0000000710c00000, 0x0000000710c00000|100%| E|CS|TAMS 0x0000000710a00000| PB 0x0000000710a00000| Complete |  0
| 127|0x0000000710c00000, 0x0000000710e00000, 0x0000000710e00000|100%| E|CS|TAMS 0x0000000710c00000| PB 0x0000000710c00000| Complete |  0

Card table byte_map: [0x000002b128680000,0x000002b128e80000] _byte_map_base: 0x000002b124e79000

Marking Bits: (CMBitMap*) 0x000002b11cba5e10
 Bits: [0x000002b128e80000, 0x000002b12ce48000)

Polling page: 0x000002b11c300000

Metaspace:

Usage:
  Non-class:      7.19 MB used.
      Class:      1.05 MB used.
       Both:      8.25 MB used.

Virtual space:
  Non-class space:       64.00 MB reserved,       7.31 MB ( 11%) committed,  1 nodes.
      Class space:        1.00 GB reserved,       1.19 MB ( <1%) committed,  1 nodes.
             Both:        1.06 GB reserved,       8.50 MB ( <1%) committed. 

Chunk freelists:
   Non-Class:  8.55 MB
       Class:  14.84 MB
        Both:  23.39 MB

MaxMetaspaceSize: unlimited
CompressedClassSpaceSize: 1.00 GB
Initial GC threshold: 21.00 MB
Current GC threshold: 21.00 MB
CDS: on
 - commit_granule_bytes: 65536.
 - commit_granule_words: 8192.
 - virtual_space_node_default_size: 8388608.
 - enlarge_chunks_in_place: 1.
 - use_allocation_guard: 0.


Internal statistics:

num_allocs_failed_limit: 0.
num_arena_births: 192.
num_arena_deaths: 0.
num_vsnodes_births: 2.
num_vsnodes_deaths: 0.
num_space_committed: 136.
num_space_uncommitted: 0.
num_chunks_returned_to_freelist: 0.
num_chunks_taken_from_freelist: 328.
num_chunk_merges: 0.
num_chunk_splits: 228.
num_chunks_enlarged: 161.
num_inconsistent_stats: 0.

CodeCache: size=49152Kb used=4694Kb max_used=4694Kb free=44457Kb
 bounds [0x000002b124e80000, 0x000002b125320000, 0x000002b127e80000]
 total_blobs=2063 nmethods=1570 adapters=416
 compilation: enabled
              stopped_count=0, restarted_count=0
 full_count=0

Compilation events (20 events):
Event: 0.607 Thread 0x000002b12f697b30 1561       1       org.springframework.core.ResolvableType::hashCode (22 bytes)
Event: 0.607 Thread 0x000002b12f697b30 nmethod 1561 0x000002b125310990 code [0x000002b125310b20, 0x000002b125310c20]
Event: 0.608 Thread 0x000002b12f697b30 1562       1       org.springframework.util.ObjectUtils::nullSafeHashCode (174 bytes)
Event: 0.608 Thread 0x000002b17520dd10 1563       1       org.springframework.util.ConcurrentReferenceHashMap$Segment::getIndex (7 bytes)
Event: 0.608 Thread 0x000002b12f830b90 1564       1       org.springframework.util.ConcurrentReferenceHashMap$Segment::findInChain (66 bytes)
Event: 0.608 Thread 0x000002b17520dd10 nmethod 1563 0x000002b125310d10 code [0x000002b125310ea0, 0x000002b125310f78]
Event: 0.608 Thread 0x000002b12f697b30 nmethod 1562 0x000002b125311010 code [0x000002b1253112c0, 0x000002b125311b50]
Event: 0.608 Thread 0x000002b12f830b90 nmethod 1564 0x000002b125311e10 code [0x000002b125311fc0, 0x000002b125312288]
Event: 0.608 Thread 0x000002b12f830b90 1565       1       java.lang.invoke.VarHandleGuards::guard_LL_V (123 bytes)
Event: 0.608 Thread 0x000002b17520dd10 1566       1       java.lang.invoke.VarHandleReferences$FieldInstanceReadWrite::set (35 bytes)
Event: 0.608 Thread 0x000002b12f697b30 1567       1       java.util.concurrent.ConcurrentLinkedDeque$Node::<init> (5 bytes)
Event: 0.608 Thread 0x000002b12f697b30 nmethod 1567 0x000002b125312490 code [0x000002b125312620, 0x000002b1253126e8]
Event: 0.608 Thread 0x000002b12f697b30 1568       1       org.springframework.util.ConcurrentReferenceHashMap::clear (32 bytes)
Event: 0.609 Thread 0x000002b12f697b30 nmethod 1568 0x000002b125312790 code [0x000002b125312940, 0x000002b125312a78]
Event: 0.609 Thread 0x000002b17520dd10 nmethod 1566 0x000002b125312b90 code [0x000002b125312d80, 0x000002b1253131b8]
Event: 0.609 Thread 0x000002b12f830b90 nmethod 1565 0x000002b125313710 code [0x000002b125313a40, 0x000002b125314a28]
Event: 0.610 Thread 0x000002b12f830b90 1570       1       org.springframework.core.ResolvableType$DefaultVariableResolver::getSource (5 bytes)
Event: 0.610 Thread 0x000002b12f830b90 nmethod 1570 0x000002b125315390 code [0x000002b125315520, 0x000002b1253155f0]
Event: 0.611 Thread 0x000002b12f830b90 1571       1       sun.reflect.generics.reflectiveObjects.ParameterizedTypeImpl::getRawType (5 bytes)
Event: 0.611 Thread 0x000002b12f830b90 nmethod 1571 0x000002b125315690 code [0x000002b125315820, 0x000002b1253158f0]

GC Heap History (2 events):
Event: 0.455 GC heap before
{Heap before GC invocations=0 (full 0):
 garbage-first heap   total reserved 4179968K, committed 262144K, used 20480K [0x0000000700e00000, 0x0000000800000000)
  region size 2048K, 11 young (22528K), 0 survivors (0K)
 Metaspace       used 6294K, committed 6528K, reserved 1114112K
  class space    used 767K, committed 896K, reserved 1048576K
}
Event: 0.459 GC heap after
{Heap after GC invocations=1 (full 0):
 garbage-first heap   total reserved 4179968K, committed 262144K, used 9248K [0x0000000700e00000, 0x0000000800000000)
  region size 2048K, 2 young (4096K), 2 survivors (4096K)
 Metaspace       used 6294K, committed 6528K, reserved 1114112K
  class space    used 767K, committed 896K, reserved 1048576K
}

Dll operation events (11 events):
Event: 0.007 Loaded shared library C:\Program Files\Java\jdk-22\bin\java.dll
Event: 0.103 Loaded shared library C:\Program Files\Java\jdk-22\bin\zip.dll
Event: 0.106 Loaded shared library C:\Program Files\Java\jdk-22\bin\instrument.dll
Event: 0.108 Loaded shared library C:\Program Files\Java\jdk-22\bin\net.dll
Event: 0.110 Loaded shared library C:\Program Files\Java\jdk-22\bin\nio.dll
Event: 0.112 Loaded shared library C:\Program Files\Java\jdk-22\bin\zip.dll
Event: 0.173 Loaded shared library C:\Program Files\JetBrains\IntelliJ IDEA 2023.1.1\bin\breakgen64.dll
Event: 0.176 Loaded shared library C:\Program Files\Java\jdk-22\bin\jimage.dll
Event: 0.179 Loaded shared library C:\Program Files\Java\jdk-22\bin\extnet.dll
Event: 0.190 Loaded shared library C:\Program Files\Java\jdk-22\bin\management.dll
Event: 0.200 Loaded shared library C:\Program Files\Java\jdk-22\bin\management_ext.dll

Deoptimization events (0 events):
No events

Classes loaded (20 events):
Event: 0.603 Loading class java/time/format/FormatStyle
Event: 0.603 Loading class java/time/format/FormatStyle done
Event: 0.603 Loading class java/time/format/DateTimeFormatterBuilder$LocalizedPrinterParser
Event: 0.603 Loading class java/time/format/DateTimeFormatterBuilder$LocalizedPrinterParser done
Event: 0.604 Loading class java/time/format/DateTimeParseException
Event: 0.604 Loading class java/time/DateTimeException
Event: 0.604 Loading class java/time/DateTimeException done
Event: 0.604 Loading class java/time/format/DateTimeParseException done
Event: 0.605 Loading class java/time/OffsetTime
Event: 0.605 Loading class java/time/OffsetTime done
Event: 0.607 Loading class java/time/YearMonth
Event: 0.607 Loading class java/time/YearMonth done
Event: 0.607 Loading class java/time/MonthDay
Event: 0.607 Loading class java/time/MonthDay done
Event: 0.610 Loading class sun/reflect/generics/tree/CharSignature
Event: 0.610 Loading class sun/reflect/generics/tree/CharSignature done
Event: 0.610 Loading class sun/reflect/generics/tree/ArrayTypeSignature
Event: 0.610 Loading class sun/reflect/generics/tree/ArrayTypeSignature done
Event: 0.610 Loading class java/net/UnknownHostException
Event: 0.610 Loading class java/net/UnknownHostException done

Classes unloaded (0 events):
No events

Classes redefined (0 events):
No events

Internal exceptions (20 events):
Event: 0.345 Thread 0x000002b11cb3ca80 Exception <a 'java/lang/NoSuchMethodError'{0x000000070fd447f0}: 'java.lang.Object java.lang.invoke.DirectMethodHandle$Holder.invokeStaticInit(java.lang.Object, java.lang.Object, int, int, int, int)'> (0x000000070fd447f0) 
thrown [s\open\src\hotspot\share\interpreter\linkResolver.cpp, line 774]
Event: 0.353 Thread 0x000002b11cb3ca80 Exception <a 'java/lang/ClassNotFoundException'{0x000000070fd61c58}: javax/management/remote/rmi/RMIServerImpl_Skel> (0x000000070fd61c58) 
thrown [s\open\src\hotspot\share\classfile\systemDictionary.cpp, line 313]
Event: 0.361 Thread 0x000002b11cb3ca80 Exception <a 'java/lang/NoSuchMethodError'{0x000000070fd7f868}: 'long java.lang.invoke.DirectMethodHandle$Holder.invokeSpecial(java.lang.Object, java.lang.Object)'> (0x000000070fd7f868) 
thrown [s\open\src\hotspot\share\interpreter\linkResolver.cpp, line 774]
Event: 0.361 Thread 0x000002b11cb3ca80 Exception <a 'java/lang/NoSuchMethodError'{0x000000070fd82f40}: 'long java.lang.invoke.Invokers$Holder.invokeExact_MT(java.lang.Object, java.lang.Object)'> (0x000000070fd82f40) 
thrown [s\open\src\hotspot\share\interpreter\linkResolver.cpp, line 774]
Event: 0.362 Thread 0x000002b11cb3ca80 Exception <a 'java/lang/NoSuchMethodError'{0x000000070fd93df8}: 'void java.lang.invoke.DirectMethodHandle$Holder.invokeSpecial(java.lang.Object, java.lang.Object, java.lang.Object)'> (0x000000070fd93df8) 
thrown [s\open\src\hotspot\share\interpreter\linkResolver.cpp, line 774]
Event: 0.407 Thread 0x000002b11cb3ca80 Exception <a 'java/lang/ClassNotFoundException'{0x000000070fba28f0}: javax/smartcardio/CardPermission> (0x000000070fba28f0) 
thrown [s\open\src\hotspot\share\classfile\systemDictionary.cpp, line 313]
Event: 0.409 Thread 0x000002b11cb3ca80 Exception <a 'java/io/FileNotFoundException'{0x000000070fbb0a68}> (0x000000070fbb0a68) 
thrown [s\open\src\hotspot\share\prims\jni.cpp, line 520]
Event: 0.419 Thread 0x000002b11cb3ca80 Exception <a 'java/lang/NoSuchMethodError'{0x000000070f825368}: 'java.lang.Object java.lang.invoke.DirectMethodHandle$Holder.invokeSpecial(java.lang.Object, java.lang.Object, java.lang.Object, long, java.lang.Object)'> (0x000000070f825368) 
thrown [s\open\src\hotspot\share\interpreter\linkResolver.cpp, line 774]
Event: 0.419 Thread 0x000002b11cb3ca80 Exception <a 'java/lang/NoSuchMethodError'{0x000000070f828cc8}: 'java.lang.Object java.lang.invoke.Invokers$Holder.linkToTargetMethod(java.lang.Object, long, java.lang.Object, java.lang.Object)'> (0x000000070f828cc8) 
thrown [s\open\src\hotspot\share\interpreter\linkResolver.cpp, line 774]
Event: 0.461 Thread 0x000002b11cb3ca80 Exception <a 'java/lang/NoSuchMethodError'{0x0000000710c13370}: 'void java.lang.invoke.DirectMethodHandle$Holder.invokeStatic(java.lang.Object, java.lang.Object, java.lang.Object, java.lang.Object)'> (0x0000000710c13370) 
thrown [s\open\src\hotspot\share\interpreter\linkResolver.cpp, line 774]
Event: 0.480 Thread 0x000002b11cb3ca80 Exception <a 'java/lang/NoSuchMethodError'{0x0000000710d6e868}: 'int java.lang.invoke.DirectMethodHandle$Holder.invokeStaticInit(java.lang.Object, java.lang.Object)'> (0x0000000710d6e868) 
thrown [s\open\src\hotspot\share\interpreter\linkResolver.cpp, line 774]
Event: 0.485 Thread 0x000002b11cb3ca80 Exception <a 'java/lang/NoSuchMethodError'{0x0000000710dc84e8}: 'void java.lang.invoke.DirectMethodHandle$Holder.invokeInterface(java.lang.Object, java.lang.Object, java.lang.Object, java.lang.Object)'> (0x0000000710dc84e8) 
thrown [s\open\src\hotspot\share\interpreter\linkResolver.cpp, line 774]
Event: 0.516 Thread 0x000002b11cb3ca80 Exception <a 'java/lang/NoSuchMethodError'{0x0000000710b768a0}: 'java.lang.Object java.lang.invoke.DirectMethodHandle$Holder.invokeInterface(java.lang.Object, java.lang.Object)'> (0x0000000710b768a0) 
thrown [s\open\src\hotspot\share\interpreter\linkResolver.cpp, line 774]
Event: 0.522 Thread 0x000002b11cb3ca80 Exception <a 'java/lang/NoSuchMethodError'{0x0000000710bbb658}: 'java.lang.Object java.lang.invoke.DirectMethodHandle$Holder.invokeSpecialIFC(java.lang.Object, java.lang.Object, java.lang.Object, java.lang.Object)'> (0x0000000710bbb658) 
thrown [s\open\src\hotspot\share\interpreter\linkResolver.cpp, line 774]
Event: 0.524 Thread 0x000002b11cb3ca80 Exception <a 'java/lang/NoSuchMethodError'{0x0000000710bd3f68}: 'java.lang.Object java.lang.invoke.DirectMethodHandle$Holder.invokeInterface(java.lang.Object, java.lang.Object, java.lang.Object)'> (0x0000000710bd3f68) 
thrown [s\open\src\hotspot\share\interpreter\linkResolver.cpp, line 774]
Event: 0.537 Thread 0x000002b11cb3ca80 Exception <a 'java/lang/NoSuchMethodError'{0x000000071089bb90}: 'int java.lang.invoke.DirectMethodHandle$Holder.invokeStaticInit(java.lang.Object, java.lang.Object, java.lang.Object)'> (0x000000071089bb90) 
thrown [s\open\src\hotspot\share\interpreter\linkResolver.cpp, line 774]
Event: 0.543 Thread 0x000002b11cb3ca80 Exception <a 'java/lang/NoSuchMethodError'{0x00000007108f2780}: 'java.lang.Object java.lang.invoke.DirectMethodHandle$Holder.newInvokeSpecial(java.lang.Object, java.lang.Object, java.lang.Object, java.lang.Object, java.lang.Object)'> (0x00000007108f2780) 
thrown [s\open\src\hotspot\share\interpreter\linkResolver.cpp, line 774]
Event: 0.556 Thread 0x000002b11cb3ca80 Exception <a 'java/lang/IncompatibleClassChangeError'{0x00000007109a2420}: Found class java.lang.Object, but interface was expected> (0x00000007109a2420) 
thrown [s\open\src\hotspot\share\interpreter\linkResolver.cpp, line 841]
Event: 0.568 Thread 0x000002b11cb3ca80 Exception <a 'sun/nio/fs/WindowsException'{0x0000000710633750}> (0x0000000710633750) 
thrown [s\open\src\hotspot\share\prims\jni.cpp, line 520]
Event: 0.588 Thread 0x000002b11cb3ca80 Exception <a 'java/lang/NoSuchMethodError'{0x0000000710731868}: 'java.lang.Object java.lang.invoke.Invokers$Holder.invokeExact_MT(java.lang.Object, java.lang.Object, java.lang.Object, java.lang.Object, java.lang.Object, java.lang.Object)'> (0x0000000710731868) 
thrown [s\open\src\hotspot\share\interpreter\linkResolver.cpp, line 774]

ZGC Phase Switch (0 events):
No events

VM Operations (20 events):
Event: 0.205 Executing VM operation: HandshakeAllThreads (Deoptimize)
Event: 0.205 Executing VM operation: HandshakeAllThreads (Deoptimize) done
Event: 0.206 Executing VM operation: HandshakeAllThreads (Deoptimize)
Event: 0.206 Executing VM operation: HandshakeAllThreads (Deoptimize) done
Event: 0.316 Executing VM operation: HandshakeAllThreads (Deoptimize)
Event: 0.316 Executing VM operation: HandshakeAllThreads (Deoptimize) done
Event: 0.353 Executing VM operation: HandshakeAllThreads (Deoptimize)
Event: 0.353 Executing VM operation: HandshakeAllThreads (Deoptimize) done
Event: 0.365 Executing VM operation: HandshakeAllThreads (Deoptimize)
Event: 0.365 Executing VM operation: HandshakeAllThreads (Deoptimize) done
Event: 0.387 Executing VM operation: HandshakeAllThreads (Deoptimize)
Event: 0.387 Executing VM operation: HandshakeAllThreads (Deoptimize) done
Event: 0.390 Executing VM operation: HandshakeAllThreads (Deoptimize)
Event: 0.390 Executing VM operation: HandshakeAllThreads (Deoptimize) done
Event: 0.445 Executing VM operation: ICBufferFull
Event: 0.445 Executing VM operation: ICBufferFull done
Event: 0.455 Executing VM operation: G1CollectForAllocation (G1 Evacuation Pause)
Event: 0.459 Executing VM operation: G1CollectForAllocation (G1 Evacuation Pause) done
Event: 0.569 Executing VM operation: HandshakeAllThreads (Deoptimize)
Event: 0.570 Executing VM operation: HandshakeAllThreads (Deoptimize) done

Events (14 events):
Event: 0.021 Thread 0x000002b11cb3ca80 Thread added: 0x000002b11cb3ca80
Event: 0.032 Thread 0x000002b12f66bdb0 Thread added: 0x000002b12f66bdb0
Event: 0.033 Thread 0x000002b12f672ef0 Thread added: 0x000002b12f672ef0
Event: 0.033 Thread 0x000002b12f673c10 Thread added: 0x000002b12f673c10
Event: 0.033 Thread 0x000002b12f675c00 Thread added: 0x000002b12f675c00
Event: 0.033 Thread 0x000002b12f696670 Thread added: 0x000002b12f696670
Event: 0.033 Thread 0x000002b12f6970d0 Thread added: 0x000002b12f6970d0
Event: 0.033 Thread 0x000002b12f697b30 Thread added: 0x000002b12f697b30
Event: 0.091 Thread 0x000002b12f63c980 Thread added: 0x000002b12f63c980
Event: 0.096 Thread 0x000002b12f830b90 Thread added: 0x000002b12f830b90
Event: 0.173 Thread 0x000002b12fba7300 Thread added: 0x000002b12fba7300
Event: 0.173 Thread 0x000002b12fbae060 Thread added: 0x000002b12fbae060
Event: 0.287 Thread 0x000002b17520dd10 Thread added: 0x000002b17520dd10
Event: 0.358 Thread 0x000002b1753ad4f0 Thread added: 0x000002b1753ad4f0


Dynamic libraries:
0x00007ff7b6f20000 - 0x00007ff7b6f30000 	C:\Program Files\Java\jdk-22\bin\java.exe
0x00007fffc9930000 - 0x00007fffc9b28000 	C:\WINDOWS\SYSTEM32\ntdll.dll
0x00007fffc8e40000 - 0x00007fffc8f02000 	C:\WINDOWS\System32\KERNEL32.DLL
0x00007fffc7120000 - 0x00007fffc741f000 	C:\WINDOWS\System32\KERNELBASE.dll
0x00007fffc76b0000 - 0x00007fffc77b0000 	C:\WINDOWS\System32\ucrtbase.dll
0x00007fffa0e30000 - 0x00007fffa0e4b000 	C:\Program Files\Java\jdk-22\bin\VCRUNTIME140.dll
0x00007fffa5fc0000 - 0x00007fffa5fd7000 	C:\Program Files\Java\jdk-22\bin\jli.dll
0x00007fffc8d90000 - 0x00007fffc8e3f000 	C:\WINDOWS\System32\ADVAPI32.dll
0x00007fffc8f10000 - 0x00007fffc8fae000 	C:\WINDOWS\System32\msvcrt.dll
0x00007fffc8fb0000 - 0x00007fffc904f000 	C:\WINDOWS\System32\sechost.dll
0x00007fffc8bd0000 - 0x00007fffc8cf3000 	C:\WINDOWS\System32\RPCRT4.dll
0x00007fffc6fd0000 - 0x00007fffc6ff7000 	C:\WINDOWS\System32\bcrypt.dll
0x00007fffc8290000 - 0x00007fffc842d000 	C:\WINDOWS\System32\USER32.dll
0x00007fffc78d0000 - 0x00007fffc78f2000 	C:\WINDOWS\System32\win32u.dll
0x00007fffc7a70000 - 0x00007fffc7a9b000 	C:\WINDOWS\System32\GDI32.dll
0x00007fffc7000000 - 0x00007fffc711a000 	C:\WINDOWS\System32\gdi32full.dll
0x00007fffc74b0000 - 0x00007fffc754d000 	C:\WINDOWS\System32\msvcp_win.dll
0x00007fffa7140000 - 0x00007fffa73da000 	C:\WINDOWS\WinSxS\amd64_microsoft.windows.common-controls_6595b64144ccf1df_6.0.19041.4355_none_60b8b9eb71f62e16\COMCTL32.dll
0x00007fffc1820000 - 0x00007fffc182a000 	C:\WINDOWS\SYSTEM32\VERSION.dll
0x00007fffc7aa0000 - 0x00007fffc7acf000 	C:\WINDOWS\System32\IMM32.DLL
0x00007fffa23a0000 - 0x00007fffa23ac000 	C:\Program Files\Java\jdk-22\bin\vcruntime140_1.dll
0x00007fff91200000 - 0x00007fff9128e000 	C:\Program Files\Java\jdk-22\bin\msvcp140.dll
0x00007fff810d0000 - 0x00007fff81e17000 	C:\Program Files\Java\jdk-22\bin\server\jvm.dll
0x00007fffc8d00000 - 0x00007fffc8d6b000 	C:\WINDOWS\System32\WS2_32.dll
0x00007fffc6710000 - 0x00007fffc675b000 	C:\WINDOWS\SYSTEM32\POWRPROF.dll
0x00007fffbd390000 - 0x00007fffbd3b7000 	C:\WINDOWS\SYSTEM32\WINMM.dll
0x00007fffc6660000 - 0x00007fffc6672000 	C:\WINDOWS\SYSTEM32\UMPDC.dll
0x00007fffc4e70000 - 0x00007fffc4e82000 	C:\WINDOWS\SYSTEM32\kernel.appcore.dll
0x00007fffa0e20000 - 0x00007fffa0e2a000 	C:\Program Files\Java\jdk-22\bin\jimage.dll
0x00007fff96d90000 - 0x00007fff96f74000 	C:\WINDOWS\SYSTEM32\DBGHELP.DLL
0x00007fff96510000 - 0x00007fff96544000 	C:\WINDOWS\SYSTEM32\dbgcore.DLL
0x00007fffc7420000 - 0x00007fffc74a2000 	C:\WINDOWS\System32\bcryptPrimitives.dll
0x00007fffbdf60000 - 0x00007fffbdf6f000 	C:\Program Files\Java\jdk-22\bin\instrument.dll
0x00007fffa0da0000 - 0x00007fffa0dbe000 	C:\Program Files\Java\jdk-22\bin\java.dll
0x00007fffc9180000 - 0x00007fffc98ed000 	C:\WINDOWS\System32\SHELL32.dll
0x00007fffc9050000 - 0x00007fffc917b000 	C:\WINDOWS\System32\ole32.dll
0x00007fffc7ad0000 - 0x00007fffc7e25000 	C:\WINDOWS\System32\combase.dll
0x00007fffc5070000 - 0x00007fffc5814000 	C:\WINDOWS\SYSTEM32\windows.storage.dll
0x00007fffc6a00000 - 0x00007fffc6a2b000 	C:\WINDOWS\SYSTEM32\Wldp.dll
0x00007fffc81c0000 - 0x00007fffc828d000 	C:\WINDOWS\System32\OLEAUT32.dll
0x00007fffc84f0000 - 0x00007fffc859d000 	C:\WINDOWS\System32\SHCORE.dll
0x00007fffc7960000 - 0x00007fffc79b5000 	C:\WINDOWS\System32\shlwapi.dll
0x00007fffc6f00000 - 0x00007fffc6f25000 	C:\WINDOWS\SYSTEM32\profapi.dll
0x00007fffa0850000 - 0x00007fffa0867000 	C:\Program Files\Java\jdk-22\bin\zip.dll
0x00007fffa0d90000 - 0x00007fffa0da0000 	C:\Program Files\Java\jdk-22\bin\net.dll
0x00007fffc6760000 - 0x00007fffc67cc000 	C:\WINDOWS\system32\mswsock.dll
0x00007fffa0870000 - 0x00007fffa0886000 	C:\Program Files\Java\jdk-22\bin\nio.dll
0x00007fffbdf40000 - 0x00007fffbdf5a000 	C:\Program Files\JetBrains\IntelliJ IDEA 2023.1.1\bin\breakgen64.dll
0x00007fffa0d80000 - 0x00007fffa0d89000 	C:\Program Files\Java\jdk-22\bin\extnet.dll
0x00007fffc6410000 - 0x00007fffc64da000 	C:\WINDOWS\SYSTEM32\DNSAPI.dll
0x00007fffc63d0000 - 0x00007fffc640b000 	C:\WINDOWS\SYSTEM32\IPHLPAPI.DLL
0x00007fffc8120000 - 0x00007fffc8128000 	C:\WINDOWS\System32\NSI.dll
0x00007fffc0550000 - 0x00007fffc055a000 	C:\Windows\System32\rasadhlp.dll
0x00007fffbf8b0000 - 0x00007fffbf930000 	C:\WINDOWS\System32\fwpuclnt.dll
0x00007fffbd9c0000 - 0x00007fffbd9ca000 	C:\Program Files\Java\jdk-22\bin\management.dll
0x00007fffbd9b0000 - 0x00007fffbd9bb000 	C:\Program Files\Java\jdk-22\bin\management_ext.dll
0x00007fffc7950000 - 0x00007fffc7958000 	C:\WINDOWS\System32\PSAPI.DLL
0x00007fffc6950000 - 0x00007fffc6968000 	C:\WINDOWS\SYSTEM32\CRYPTSP.dll
0x00007fffc5fb0000 - 0x00007fffc5fe8000 	C:\WINDOWS\system32\rsaenh.dll
0x00007fffc6e80000 - 0x00007fffc6eae000 	C:\WINDOWS\SYSTEM32\USERENV.dll
0x00007fffc6970000 - 0x00007fffc697c000 	C:\WINDOWS\SYSTEM32\CRYPTBASE.dll
0x00007fffa73e0000 - 0x00007fffa73f7000 	C:\WINDOWS\system32\napinsp.dll
0x00007fffa70d0000 - 0x00007fffa70eb000 	C:\WINDOWS\system32\pnrpnsp.dll
0x00007fffa6f30000 - 0x00007fffa6f45000 	C:\WINDOWS\system32\wshbth.dll
0x00007fffc40e0000 - 0x00007fffc40fd000 	C:\WINDOWS\system32\NLAapi.dll
0x00007fffa6e70000 - 0x00007fffa6e82000 	C:\WINDOWS\System32\winrnr.dll

dbghelp: loaded successfully - version: 4.0.5 - missing functions: none
symbol engine: initialized successfully - sym options: 0x614 - pdb path: .;C:\Program Files\Java\jdk-22\bin;C:\WINDOWS\SYSTEM32;C:\WINDOWS\WinSxS\amd64_microsoft.windows.common-controls_6595b64144ccf1df_6.0.19041.4355_none_60b8b9eb71f62e16;C:\Program Files\Java\jdk-22\bin\server;C:\Program Files\JetBrains\IntelliJ IDEA 2023.1.1\bin

VM Arguments:
jvm_args: -XX:TieredStopAtLevel=1 -Dspring.output.ansi.enabled=always -Dcom.sun.management.jmxremote -Dspring.jmx.enabled=true -Dspring.liveBeansView.mbeanDomain -Dspring.application.admin.enabled=true -Dmanagement.endpoints.jmx.exposure.include=* -javaagent:C:\Program Files\JetBrains\IntelliJ IDEA 2023.1.1\lib\idea_rt.jar=50723:C:\Program Files\JetBrains\IntelliJ IDEA 2023.1.1\bin -Dfile.encoding=UTF-8 -Dsun.stdout.encoding=UTF-8 -Dsun.stderr.encoding=UTF-8 
java_command: com.spring.restaurant.RestaurantApplication
java_class_path (initial): C:\Users\User\902-finalProject\back-end\Restaurant\target\classes;C:\Users\User\.m2\repository\org\springframework\boot\spring-boot-starter-data-jpa\3.4.3\spring-boot-starter-data-jpa-3.4.3.jar;C:\Users\User\.m2\repository\org\springframework\boot\spring-boot-starter\3.4.3\spring-boot-starter-3.4.3.jar;C:\Users\User\.m2\repository\org\springframework\boot\spring-boot\3.4.3\spring-boot-3.4.3.jar;C:\Users\User\.m2\repository\org\springframework\boot\spring-boot-autoconfigure\3.4.3\spring-boot-autoconfigure-3.4.3.jar;C:\Users\User\.m2\repository\org\springframework\boot\spring-boot-starter-logging\3.4.3\spring-boot-starter-logging-3.4.3.jar;C:\Users\User\.m2\repository\ch\qos\logback\logback-classic\1.5.16\logback-classic-1.5.16.jar;C:\Users\User\.m2\repository\ch\qos\logback\logback-core\1.5.16\logback-core-1.5.16.jar;C:\Users\User\.m2\repository\org\apache\logging\log4j\log4j-to-slf4j\2.24.3\log4j-to-slf4j-2.24.3.jar;C:\Users\User\.m2\repository\org\apache\logging\log4j\log4j-api\2.24.3\log4j-api-2.24.3.jar;C:\Users\User\.m2\repository\org\slf4j\jul-to-slf4j\2.0.16\jul-to-slf4j-2.0.16.jar;C:\Users\User\.m2\repository\jakarta\annotation\jakarta.annotation-api\2.1.1\jakarta.annotation-api-2.1.1.jar;C:\Users\User\.m2\repository\org\yaml\snakeyaml\2.3\snakeyaml-2.3.jar;C:\Users\User\.m2\repository\org\springframework\boot\spring-boot-starter-jdbc\3.4.3\spring-boot-starter-jdbc-3.4.3.jar;C:\Users\User\.m2\repository\com\zaxxer\HikariCP\5.1.0\HikariCP-5.1.0.jar;C:\Users\User\.m2\repository\org\springframework\spring-jdbc\6.2.3\spring-jdbc-6.2.3.jar;C:\Users\User\.m2\repository\org\hibernate\orm\hibernate-core\6.6.8.Final\hibernate-core-6.6.8.Final.jar;C:\Users\User\.m2\repository\jakarta\persistence\jakarta.persistence-api\3.1.0\jakarta.persistence-api-3.1.0.jar;C:\Users\User\.m2\repository\jakarta\transaction\jakarta.transaction-api\2.0.1\jakarta.transaction-api-2.0.1.jar;C:\Users\User\.m2\repository\org\jboss\logging\jboss-logging\3.6.1.Final\jboss-logging-3.6.1.Final.jar;C:\Users\User\.m2\repository\org\hibernate\common\hibernate-commons-annotations\7.0.3.Final\hibernate-commons-annotations-7.0.3.Final.jar;C:\Users\User\.m2\repository\io\smallrye\jandex\3.2.0\jandex-3.2.0.jar;C:\Users\User\.m2\repository\com\fasterxml\classmate\1.7.0\classmate-1.7.0.jar;C:\Users\User\.m2\repository\net\bytebuddy\byte-buddy\1.15.11\byte-buddy-1.15.11.jar;C:\Users\User\.m2\repository\org\glassfish\jaxb\jaxb-runtime\4.0.5\jaxb-runtime-4.0.5.jar;C:\Users\User\.m2\repository\org\glassfish\jaxb\jaxb-core\4.0.5\jaxb-core-4.0.5.jar;C:\Users\User\.m2\repository\org\eclipse\angus\angus-activation\2.0.2\angus-activation-2.0.2.jar;C:\Users\User\.m2\repository\org\glassfish\jaxb\txw2\4.0.5\txw2-4.0.5.jar;C:\Users\User\.m2\repository\com\sun\istack\istack-commons-runtime\4.1.2\istack-commons-runtime-4.1.2.jar;C:\Users\User\.m2\repository\jakarta\inject\jakarta.inject-api\2.0.1\jakarta.inject-api-2.0.1.jar;C:\Users\User\.m2\repository\org\antlr\antlr4-runtime\4.13.0\antlr4-runtime-4.13.0.jar;C:\Users\User\.m2\repository\org\springframework\data\spring-data-jpa\3.4.3\spring-data-jpa-3.4.3.jar;C:\Users\User\.m2\repository\org\springframework\data\spring-data-commons\3.4.3\spring-data-commons-3.4.3.jar;C:\Users\User\.m2\repository\org\springframework\spring-orm\6.2.3\spring-orm-6.2.3.jar;C:\Users\User\.m2\repository\org\springframework\spring-context\6.2.3\spring-context-6.2.3.jar;C:\Users\User\.m2\repository\org\springframework\spring-tx\6.2.3\spring-tx-6.2.3.jar;C:\Users\User\.m2\repository\org\springframework\spring-beans\6.2.3\spring-beans-6.2.3.jar;C:\Users\User\.m2\repository\org\slf4j\slf4j-api\2.0.16\slf4j-api-2.0.16.jar;C:\Users\User\.m2\repository\org\springframework\spring-aspects\6.2.3\spring-aspects-6.2.3.jar;C:\Users\User\.m2\repository\org\aspectj\aspectjweaver\1.9.22.1\aspectjweaver-1.9.22.1.jar;C:\Users\User\.m2\repository\org\springframework\boot\spring-boot-starter-web\3.4.3\spring-boot-starter-web-3.4.3.jar;C:\Users\User\.m2\repository\org\springframework\boot\spring-boot-starter-json\3.4.3\spring-boot-starter-json-3.4.3.jar;C:\Users\User\.m2\repository\com\fasterxml\jackson\datatype\jackson-datatype-jdk8\2.18.2\jackson-datatype-jdk8-2.18.2.jar;C:\Users\User\.m2\repository\com\fasterxml\jackson\datatype\jackson-datatype-jsr310\2.18.2\jackson-datatype-jsr310-2.18.2.jar;C:\Users\User\.m2\repository\com\fasterxml\jackson\module\jackson-module-parameter-names\2.18.2\jackson-module-parameter-names-2.18.2.jar;C:\Users\User\.m2\repository\org\springframework\boot\spring-boot-starter-tomcat\3.4.3\spring-boot-starter-tomcat-3.4.3.jar;C:\Users\User\.m2\repository\org\apache\tomcat\embed\tomcat-embed-core\10.1.36\tomcat-embed-core-10.1.36.jar;C:\Users\User\.m2\repository\org\apache\tomcat\embed\tomcat-embed-websocket\10.1.36\tomcat-embed-websocket-10.1.36.jar;C:\Users\User\.m2\repository\org\springframework\spring-web\6.2.3\spring-web-6.2.3.jar;C:\Users\User\.m2\repository\io\micrometer\micrometer-observation\1.14.4\micrometer-observation-1.14.4.jar;C:\Users\User\.m2\repository\io\micrometer\micrometer-commons\1.14.4\micrometer-commons-1.14.4.jar;C:\Users\User\.m2\repository\org\springframework\spring-webmvc\6.2.3\spring-webmvc-6.2.3.jar;C:\Users\User\.m2\repository\org\springframework\spring-expression\6.2.3\spring-expression-6.2.3.jar;C:\Users\User\.m2\repository\com\oracle\database\jdbc\ojdbc11\23.5.0.24.07\ojdbc11-23.5.0.24.07.jar;C:\Users\User\.m2\repository\jakarta\xml\bind\jakarta.xml.bind-api\4.0.2\jakarta.xml.bind-api-4.0.2.jar;C:\Users\User\.m2\repository\jakarta\activation\jakarta.activation-api\2.1.3\jakarta.activation-api-2.1.3.jar;C:\Users\User\.m2\repository\org\springframework\spring-core\6.2.3\spring-core-6.2.3.jar;C:\Users\User\.m2\repository\org\springframework\spring-jcl\6.2.3\spring-jcl-6.2.3.jar;C:\Users\User\.m2\repository\org\projectlombok\lombok\1.18.36\lombok-1.18.36.jar;C:\Users\User\.m2\repository\org\modelmapper\modelmapper\2.4.5\modelmapper-2.4.5.jar;C:\Users\User\.m2\repository\org\springframework\boot\spring-boot-starter-validation\3.4.3\spring-boot-starter-validation-3.4.3.jar;C:\Users\User\.m2\repository\org\apache\tomcat\embed\tomcat-embed-el\10.1.36\tomcat-embed-el-10.1.36.jar;C:\Users\User\.m2\repository\org\hibernate\validator\hibernate-validator\8.0.2.Final\hibernate-validator-8.0.2.Final.jar;C:\Users\User\.m2\repository\jakarta\validation\jakarta.validation-api\3.0.2\jakarta.validation-api-3.0.2.jar;C:\Users\User\.m2\repository\org\mapstruct\mapstruct\1.5.2.Final\mapstruct-1.5.2.Final.jar;C:\Users\User\.m2\repository\org\mapstruct\mapstruct-processor\1.5.2.Final\mapstruct-processor-1.5.2.Final.jar;C:\Users\User\.m2\repository\org\springframework\boot\spring-boot-starter-security\3.4.3\spring-boot-starter-security-3.4.3.jar;C:\Users\User\.m2\repository\org\springframework\spring-aop\6.2.3\spring-aop-6.2.3.jar;C:\Users\User\.m2\repository\org\springframework\security\spring-security-config\6.4.3\spring-security-config-6.4.3.jar;C:\Users\User\.m2\repository\org\springframework\security\spring-security-core\6.4.3\spring-security-core-6.4.3.jar;C:\Users\User\.m2\repository\org\springframework\security\spring-security-crypto\6.4.3\spring-security-crypto-6.4.3.jar;C:\Users\User\.m2\repository\org\springframework\security\spring-security-web\6.4.3\spring-security-web-6.4.3.jar;C:\Users\User\.m2\repository\io\jsonwebtoken\jjwt-api\0.11.2\jjwt-api-0.11.2.jar;C:\Users\User\.m2\repository\io\jsonwebtoken\jjwt-impl\0.11.2\jjwt-impl-0.11.2.jar;C:\Users\User\.m2\repository\io\jsonwebtoken\jjwt-jackson\0.11.2\jjwt-jackson-0.11.2.jar;C:\Users\User\.m2\repository\com\fasterxml\jackson\core\jackson-databind\2.18.2\jackson-databind-2.18.2.jar;C:\Users\User\.m2\repository\com\fasterxml\jackson\core\jackson-annotations\2.18.2\jackson-annotations-2.18.2.jar;C:\Users\User\.m2\repository\com\fasterxml\jackson\core\jackson-core\2.18.2\jackson-core-2.18.2.jar
Launcher Type: SUN_STANDARD

[Global flags]
     intx CICompilerCount                          = 3                                         {product} {ergonomic}
     uint ConcGCThreads                            = 2                                         {product} {ergonomic}
     uint G1ConcRefinementThreads                  = 6                                         {product} {ergonomic}
   size_t G1HeapRegionSize                         = 2097152                                   {product} {ergonomic}
   size_t InitialHeapSize                          = 268435456                                 {product} {ergonomic}
     bool ManagementServer                         = true                                      {product} {command line}
   size_t MarkStackSize                            = 4194304                                   {product} {ergonomic}
   size_t MaxHeapSize                              = 4280287232                                {product} {ergonomic}
   size_t MaxNewSize                               = 2566914048                                {product} {ergonomic}
   size_t MinHeapDeltaBytes                        = 2097152                                   {product} {ergonomic}
   size_t MinHeapSize                              = 8388608                                   {product} {ergonomic}
    uintx NonNMethodCodeHeapSize                   = 4096                                   {pd product} {ergonomic}
    uintx NonProfiledCodeHeapSize                  = 0                                      {pd product} {ergonomic}
     bool ProfileInterpreter                       = false                                  {pd product} {command line}
    uintx ProfiledCodeHeapSize                     = 0                                      {pd product} {ergonomic}
   size_t SoftMaxHeapSize                          = 4280287232                             {manageable} {ergonomic}
     intx TieredStopAtLevel                        = 1                                         {product} {command line}
     bool UseCompressedOops                        = true                           {product lp64_product} {ergonomic}
     bool UseG1GC                                  = true                                      {product} {ergonomic}
     bool UseLargePagesIndividualAllocation        = false                                  {pd product} {ergonomic}

Logging:
Log output configuration:
 #0: stdout all=warning uptime,level,tags foldmultilines=false
 #1: stderr all=off uptime,level,tags foldmultilines=false

Environment Variables:
PATH=C:\OracleApp\WINDOWS.X64_193000_db_home\bin;C:\Program Files\Common Files\Oracle\Java\javapath;C:\Program Files (x86)\NVIDIA Corporation\PhysX\Common;C:\WINDOWS\system32;C:\WINDOWS;C:\WINDOWS\System32\Wbem;C:\WINDOWS\System32\WindowsPowerShell\v1.0\;C:\WINDOWS\System32\OpenSSH\;C:\Program Files\dotnet\;C:\Program Files (x86)\Microsoft SQL Server\150\Tools\Binn\;C:\Program Files\Microsoft SQL Server\150\Tools\Binn\;C:\Program Files\Microsoft SQL Server\150\DTS\Binn\;C:\Program Files\Microsoft SQL Server\Client SDK\ODBC\170\Tools\Binn\;C:\Users\User\AppData\Roaming\nvm;C:\Program Files\nodejs;C:\Users\User\AppData\Local\Microsoft\WindowsApps;C:\Users\User\AppData\Local\Programs\Microsoft VS Code\bin;C:\Program Files\JetBrains\IntelliJ IDEA 2023.1.1\bin;;C:\Program Files\JetBrains\WebStorm 2024.3.3\bin;;C:\Users\User\AppData\Roaming\nvm;C:\Program Files\nodejs
USERNAME=User
OS=Windows_NT
PROCESSOR_IDENTIFIER=Intel64 Family 6 Model 158 Stepping 10, GenuineIntel
TMP=C:\Users\User\AppData\Local\Temp
TEMP=C:\Users\User\AppData\Local\Temp




Periodic native trim disabled

---------------  S Y S T E M  ---------------

OS:
 Windows 10 , 64 bit Build 19041 (10.0.19041.5438)
OS uptime: 3 days 1:05 hours

CPU: total 6 (initial active 6) (6 cores per cpu, 1 threads per core) family 6 model 158 stepping 10 microcode 0xd6, cx8, cmov, fxsr, mmx, 3dnowpref, sse, sse2, sse3, ssse3, sse4.1, sse4.2, popcnt, lzcnt, tsc, tscinvbit, avx, avx2, aes, erms, clmul, bmi1, bmi2, adx, fma, vzeroupper, clflush, clflushopt, rdtscp, f16c
Processor Information for all 6 processors :
  Max Mhz: 2904, Current Mhz: 2904, Mhz Limit: 2904

Memory: 4k page, system-wide physical 16326M (3065M free)
TotalPageFile size 22326M (AvailPageFile size 369M)
current process WorkingSet (physical memory assigned to process): 83M, peak: 83M
current process commit charge ("private bytes"): 351M, peak: 351M

vm_info: Java HotSpot(TM) 64-Bit Server VM (22.0.1+8-16) for windows-amd64 JRE (22.0.1+8-16), built on 2024-03-12T10:33:16Z by "mach5one" with MS VC++ 17.6 (VS2022)

END.
